<?xml version="1.0" encoding="UTF-8"?>
<!-- Generated by org.testng.reporters.JUnitReportReporter -->
<testsuite hostname="DESKTOP-30FNJH5" name="pipelineProject.pipeline.Class1" tests="1" failures="0" timestamp="29 Apr 2020 21:06:48 GMT" time="0.016" errors="0">
  <testcase name="tc" time="0.016" classname="pipelineProject.pipeline.Class1"/>
</testsuite> <!-- pipelineProject.pipeline.Class1 -->
